  [1m[35m (0.0ms)[0m  [1m[34mSELECT sqlite_version(*)[0m
  ↳ bin/rails:4
  [1m[35m (171.9ms)[0m  [1m[35mCREATE TABLE "schema_migrations" ("version" varchar NOT NULL PRIMARY KEY)[0m
  ↳ bin/rails:4
  [1m[35m (96.9ms)[0m  [1m[35mCREATE TABLE "ar_internal_metadata" ("key" varchar NOT NULL PRIMARY KEY, "value" varchar, "created_at" datetime NOT NULL, "updated_at" datetime NOT NULL)[0m
  ↳ bin/rails:4
  [1m[35m (0.0ms)[0m  [1m[34mSELECT "schema_migrations"."version" FROM "schema_migrations" ORDER BY "schema_migrations"."version" ASC[0m
  ↳ bin/rails:4
Migrating to CreateUsers (20180524211307)
  [1m[35m (0.0ms)[0m  [1m[36mbegin transaction[0m
  ↳ bin/rails:4
  [1m[35m (0.0ms)[0m  [1m[35mCREATE TABLE "users" ("id" integer PRIMARY KEY AUTOINCREMENT NOT NULL, "nombre" varchar, "apellido" varchar, "created_at" datetime NOT NULL, "updated_at" datetime NOT NULL)[0m
  ↳ db/migrate/20180524211307_create_users.rb:3
  [1m[36mActiveRecord::SchemaMigration Create (0.0ms)[0m  [1m[32mINSERT INTO "schema_migrations" ("version") VALUES (?)[0m  [["version", "20180524211307"]]
  ↳ bin/rails:4
  [1m[35m (125.0ms)[0m  [1m[36mcommit transaction[0m
  ↳ bin/rails:4
  [1m[36mActiveRecord::InternalMetadata Load (0.0ms)[0m  [1m[34mSELECT  "ar_internal_metadata".* FROM "ar_internal_metadata" WHERE "ar_internal_metadata"."key" = ? LIMIT ?[0m  [["key", "environment"], ["LIMIT", 1]]
  ↳ bin/rails:4
  [1m[35m (0.0ms)[0m  [1m[36mbegin transaction[0m
  ↳ bin/rails:4
  [1m[36mActiveRecord::InternalMetadata Create (0.0ms)[0m  [1m[32mINSERT INTO "ar_internal_metadata" ("key", "value", "created_at", "updated_at") VALUES (?, ?, ?, ?)[0m  [["key", "environment"], ["value", "development"], ["created_at", "2018-05-24 21:18:48.899817"], ["updated_at", "2018-05-24 21:18:48.899817"]]
  ↳ bin/rails:4
  [1m[35m (115.6ms)[0m  [1m[36mcommit transaction[0m
  ↳ bin/rails:4
  [1m[35m (0.0ms)[0m  [1m[34mSELECT "schema_migrations"."version" FROM "schema_migrations" ORDER BY "schema_migrations"."version" ASC[0m
  ↳ bin/rails:4
Started GET "/" for 127.0.0.1 at 2018-05-24 16:20:09 -0500
  [1m[35m (0.0ms)[0m  [1m[34mSELECT "schema_migrations"."version" FROM "schema_migrations" ORDER BY "schema_migrations"."version" ASC[0m
  ↳ C:/RailsInstaller/Ruby2.3.3/lib/ruby/gems/2.3.0/gems/activerecord-5.2.0/lib/active_record/log_subscriber.rb:98
Processing by Rails::WelcomeController#index as HTML
  Rendering C:/RailsInstaller/Ruby2.3.3/lib/ruby/gems/2.3.0/gems/railties-5.2.0/lib/rails/templates/rails/welcome/index.html.erb
  Rendered C:/RailsInstaller/Ruby2.3.3/lib/ruby/gems/2.3.0/gems/railties-5.2.0/lib/rails/templates/rails/welcome/index.html.erb (50.0ms)
Completed 200 OK in 270ms (Views: 154.1ms | ActiveRecord: 0.0ms)


Started GET "/user" for 127.0.0.1 at 2018-05-24 16:24:10 -0500
  [1m[35m (0.5ms)[0m  [1m[34mSELECT "schema_migrations"."version" FROM "schema_migrations" ORDER BY "schema_migrations"."version" ASC[0m
  ↳ C:/RailsInstaller/Ruby2.3.3/lib/ruby/gems/2.3.0/gems/activerecord-5.2.0/lib/active_record/log_subscriber.rb:98
  
ActionController::RoutingError (No route matches [GET] "/user"):
  
actionpack (5.2.0) lib/action_dispatch/middleware/debug_exceptions.rb:65:in `call'
web-console (3.6.2) lib/web_console/middleware.rb:135:in `call_app'
web-console (3.6.2) lib/web_console/middleware.rb:30:in `block in call'
web-console (3.6.2) lib/web_console/middleware.rb:20:in `catch'
web-console (3.6.2) lib/web_console/middleware.rb:20:in `call'
actionpack (5.2.0) lib/action_dispatch/middleware/show_exceptions.rb:33:in `call'
railties (5.2.0) lib/rails/rack/logger.rb:38:in `call_app'
railties (5.2.0) lib/rails/rack/logger.rb:26:in `block in call'
activesupport (5.2.0) lib/active_support/tagged_logging.rb:71:in `block in tagged'
activesupport (5.2.0) lib/active_support/tagged_logging.rb:28:in `tagged'
activesupport (5.2.0) lib/active_support/tagged_logging.rb:71:in `tagged'
railties (5.2.0) lib/rails/rack/logger.rb:26:in `call'
sprockets-rails (3.2.1) lib/sprockets/rails/quiet_assets.rb:13:in `call'
actionpack (5.2.0) lib/action_dispatch/middleware/remote_ip.rb:81:in `call'
actionpack (5.2.0) lib/action_dispatch/middleware/request_id.rb:27:in `call'
rack (2.0.5) lib/rack/method_override.rb:22:in `call'
rack (2.0.5) lib/rack/runtime.rb:22:in `call'
activesupport (5.2.0) lib/active_support/cache/strategy/local_cache_middleware.rb:29:in `call'
actionpack (5.2.0) lib/action_dispatch/middleware/executor.rb:14:in `call'
actionpack (5.2.0) lib/action_dispatch/middleware/static.rb:127:in `call'
rack (2.0.5) lib/rack/sendfile.rb:111:in `call'
railties (5.2.0) lib/rails/engine.rb:524:in `call'
puma (3.11.4) lib/puma/configuration.rb:225:in `call'
puma (3.11.4) lib/puma/server.rb:632:in `handle_request'
puma (3.11.4) lib/puma/server.rb:446:in `process_client'
puma (3.11.4) lib/puma/server.rb:306:in `block in run'
puma (3.11.4) lib/puma/thread_pool.rb:120:in `block in spawn_thread'
Started GET "/user" for 127.0.0.1 at 2018-05-24 16:24:24 -0500
  
ActionController::RoutingError (No route matches [GET] "/user"):
  
actionpack (5.2.0) lib/action_dispatch/middleware/debug_exceptions.rb:65:in `call'
web-console (3.6.2) lib/web_console/middleware.rb:135:in `call_app'
web-console (3.6.2) lib/web_console/middleware.rb:30:in `block in call'
web-console (3.6.2) lib/web_console/middleware.rb:20:in `catch'
web-console (3.6.2) lib/web_console/middleware.rb:20:in `call'
actionpack (5.2.0) lib/action_dispatch/middleware/show_exceptions.rb:33:in `call'
railties (5.2.0) lib/rails/rack/logger.rb:38:in `call_app'
railties (5.2.0) lib/rails/rack/logger.rb:26:in `block in call'
activesupport (5.2.0) lib/active_support/tagged_logging.rb:71:in `block in tagged'
activesupport (5.2.0) lib/active_support/tagged_logging.rb:28:in `tagged'
activesupport (5.2.0) lib/active_support/tagged_logging.rb:71:in `tagged'
railties (5.2.0) lib/rails/rack/logger.rb:26:in `call'
sprockets-rails (3.2.1) lib/sprockets/rails/quiet_assets.rb:13:in `call'
actionpack (5.2.0) lib/action_dispatch/middleware/remote_ip.rb:81:in `call'
actionpack (5.2.0) lib/action_dispatch/middleware/request_id.rb:27:in `call'
rack (2.0.5) lib/rack/method_override.rb:22:in `call'
rack (2.0.5) lib/rack/runtime.rb:22:in `call'
activesupport (5.2.0) lib/active_support/cache/strategy/local_cache_middleware.rb:29:in `call'
actionpack (5.2.0) lib/action_dispatch/middleware/executor.rb:14:in `call'
actionpack (5.2.0) lib/action_dispatch/middleware/static.rb:127:in `call'
rack (2.0.5) lib/rack/sendfile.rb:111:in `call'
railties (5.2.0) lib/rails/engine.rb:524:in `call'
puma (3.11.4) lib/puma/configuration.rb:225:in `call'
puma (3.11.4) lib/puma/server.rb:632:in `handle_request'
puma (3.11.4) lib/puma/server.rb:446:in `process_client'
puma (3.11.4) lib/puma/server.rb:306:in `block in run'
puma (3.11.4) lib/puma/thread_pool.rb:120:in `block in spawn_thread'
Started GET "/users" for 127.0.0.1 at 2018-05-24 16:24:59 -0500
Processing by UsersController#index as HTML
  Rendering users/index.html.erb within layouts/application
  [1m[36mUser Load (0.0ms)[0m  [1m[34mSELECT "users".* FROM "users"[0m
  ↳ app/views/users/index.html.erb:15
  Rendered users/index.html.erb within layouts/application (7.0ms)
Completed 200 OK in 1340ms (Views: 1302.1ms | ActiveRecord: 1.0ms)


Started GET "/users/new" for 127.0.0.1 at 2018-05-24 16:25:37 -0500
Processing by UsersController#new as HTML
  Rendering users/new.html.erb within layouts/application
  Rendered users/_form.html.erb (572.0ms)
  Rendered users/new.html.erb within layouts/application (612.0ms)
Completed 200 OK in 899ms (Views: 836.0ms | ActiveRecord: 0.0ms)


Started GET "/users/new" for 127.0.0.1 at 2018-05-24 17:26:55 -0500
Processing by UsersController#new as HTML
  Rendering users/new.html.erb within layouts/application
  Rendered users/_form.html.erb (333.0ms)
  Rendered users/new.html.erb within layouts/application (417.6ms)
Completed 200 OK in 2983ms (Views: 2788.3ms | ActiveRecord: 0.0ms)


Started GET "/" for 127.0.0.1 at 2018-05-25 01:57:53 -0500
  [1m[35m (1.0ms)[0m  [1m[34mSELECT "schema_migrations"."version" FROM "schema_migrations" ORDER BY "schema_migrations"."version" ASC[0m
  ↳ C:/RailsInstaller/Ruby2.3.3/lib/ruby/gems/2.3.0/gems/activerecord-5.2.0/lib/active_record/log_subscriber.rb:98
Processing by Rails::WelcomeController#index as HTML
  Rendering C:/RailsInstaller/Ruby2.3.3/lib/ruby/gems/2.3.0/gems/railties-5.2.0/lib/rails/templates/rails/welcome/index.html.erb
  Rendered C:/RailsInstaller/Ruby2.3.3/lib/ruby/gems/2.3.0/gems/railties-5.2.0/lib/rails/templates/rails/welcome/index.html.erb (155.0ms)
Completed 200 OK in 1365ms (Views: 872.5ms | ActiveRecord: 0.0ms)


Started GET "/welcome/index" for 127.0.0.1 at 2018-05-25 01:58:43 -0500
Processing by WelcomeController#index as HTML
  Rendering welcome/index.html.erb within layouts/application
  Rendered welcome/index.html.erb within layouts/application (3.0ms)
Completed 200 OK in 1331ms (Views: 1275.8ms | ActiveRecord: 0.0ms)


Started GET "/welcome/index" for 127.0.0.1 at 2018-05-25 02:04:00 -0500
Processing by WelcomeController#index as HTML
  Rendering welcome/index.html.erb within layouts/application
  Rendered welcome/index.html.erb within layouts/application (2.0ms)
Completed 200 OK in 405ms (Views: 367.5ms | ActiveRecord: 0.0ms)


Started GET "/welcome/index" for 127.0.0.1 at 2018-05-25 02:10:57 -0500
Processing by WelcomeController#index as HTML
  Rendering welcome/index.html.erb within layouts/application
  Rendered welcome/index.html.erb within layouts/application (4.0ms)
Completed 200 OK in 319ms (Views: 280.6ms | ActiveRecord: 0.0ms)


Started GET "/welcome/index" for 127.0.0.1 at 2018-05-25 02:11:31 -0500
Processing by WelcomeController#index as HTML
  Rendering welcome/index.html.erb within layouts/application
  Rendered welcome/index.html.erb within layouts/application (1.0ms)
Completed 200 OK in 234ms (Views: 193.0ms | ActiveRecord: 0.0ms)


Started GET "/welcome/index" for 127.0.0.1 at 2018-05-25 02:14:12 -0500
Processing by WelcomeController#index as HTML
  Rendering welcome/index.html.erb within layouts/application
  Rendered welcome/index.html.erb within layouts/application (1152.1ms)
Completed 500 Internal Server Error in 1304ms (ActiveRecord: 0.0ms)


  
ActionView::Template::Error (undefined local variable or method `mundo' for #<#<Class:0x30f4bc0>:0x90077b8>):
    4: 	<p>Número: <%= number%></p>
    5: <%end%>
    6: 
    7: <%="Hola #{mundo}"%>
  
app/views/welcome/index.html.erb:7:in `_app_views_welcome_index_html_erb__763520745_75522840'
Started GET "/welcome/index" for 127.0.0.1 at 2018-05-25 02:16:52 -0500
Processing by WelcomeController#index as HTML
  Rendering welcome/index.html.erb within layouts/application
  Rendered welcome/index.html.erb within layouts/application (1.0ms)
Completed 200 OK in 237ms (Views: 200.7ms | ActiveRecord: 0.0ms)


Started GET "/welcome/index" for 127.0.0.1 at 2018-05-25 02:21:17 -0500
Processing by WelcomeController#index as HTML
  Rendering welcome/index.html.erb within layouts/application
  Rendered welcome/index.html.erb within layouts/application (1.0ms)
Completed 200 OK in 248ms (Views: 212.0ms | ActiveRecord: 0.0ms)


Started GET "/welcome/index" for 127.0.0.1 at 2018-05-25 02:21:26 -0500
Processing by WelcomeController#index as HTML
  Rendering welcome/index.html.erb within layouts/application
  Rendered welcome/index.html.erb within layouts/application (1.0ms)
Completed 200 OK in 242ms (Views: 205.8ms | ActiveRecord: 0.0ms)


Started GET "/welcome/index" for 127.0.0.1 at 2018-05-25 03:13:54 -0500
  
Mysql2::Error::ConnectionError (Access denied for user 'root'@'localhost' (using password: YES)):
  
mysql2-0.5.1-x86 (mingw32) lib/mysql2/client.rb:90:in `connect'
mysql2-0.5.1-x86 (mingw32) lib/mysql2/client.rb:90:in `initialize'
activerecord (5.2.0) lib/active_record/connection_adapters/mysql2_adapter.rb:22:in `new'
activerecord (5.2.0) lib/active_record/connection_adapters/mysql2_adapter.rb:22:in `mysql2_connection'
activerecord (5.2.0) lib/active_record/connection_adapters/abstract/connection_pool.rb:809:in `new_connection'
activerecord (5.2.0) lib/active_record/connection_adapters/abstract/connection_pool.rb:853:in `checkout_new_connection'
activerecord (5.2.0) lib/active_record/connection_adapters/abstract/connection_pool.rb:832:in `try_to_checkout_new_connection'
activerecord (5.2.0) lib/active_record/connection_adapters/abstract/connection_pool.rb:793:in `acquire_connection'
activerecord (5.2.0) lib/active_record/connection_adapters/abstract/connection_pool.rb:521:in `checkout'
activerecord (5.2.0) lib/active_record/connection_adapters/abstract/connection_pool.rb:380:in `connection'
activerecord (5.2.0) lib/active_record/connection_adapters/abstract/connection_pool.rb:1008:in `retrieve_connection'
activerecord (5.2.0) lib/active_record/connection_handling.rb:118:in `retrieve_connection'
activerecord (5.2.0) lib/active_record/connection_handling.rb:90:in `connection'
activerecord (5.2.0) lib/active_record/migration.rb:554:in `call'
actionpack (5.2.0) lib/action_dispatch/middleware/callbacks.rb:28:in `block in call'
activesupport (5.2.0) lib/active_support/callbacks.rb:98:in `run_callbacks'
actionpack (5.2.0) lib/action_dispatch/middleware/callbacks.rb:26:in `call'
actionpack (5.2.0) lib/action_dispatch/middleware/executor.rb:14:in `call'
actionpack (5.2.0) lib/action_dispatch/middleware/debug_exceptions.rb:61:in `call'
web-console (3.6.2) lib/web_console/middleware.rb:135:in `call_app'
web-console (3.6.2) lib/web_console/middleware.rb:30:in `block in call'
web-console (3.6.2) lib/web_console/middleware.rb:20:in `catch'
web-console (3.6.2) lib/web_console/middleware.rb:20:in `call'
actionpack (5.2.0) lib/action_dispatch/middleware/show_exceptions.rb:33:in `call'
railties (5.2.0) lib/rails/rack/logger.rb:38:in `call_app'
railties (5.2.0) lib/rails/rack/logger.rb:26:in `block in call'
activesupport (5.2.0) lib/active_support/tagged_logging.rb:71:in `block in tagged'
activesupport (5.2.0) lib/active_support/tagged_logging.rb:28:in `tagged'
activesupport (5.2.0) lib/active_support/tagged_logging.rb:71:in `tagged'
railties (5.2.0) lib/rails/rack/logger.rb:26:in `call'
sprockets-rails (3.2.1) lib/sprockets/rails/quiet_assets.rb:13:in `call'
actionpack (5.2.0) lib/action_dispatch/middleware/remote_ip.rb:81:in `call'
actionpack (5.2.0) lib/action_dispatch/middleware/request_id.rb:27:in `call'
rack (2.0.5) lib/rack/method_override.rb:22:in `call'
rack (2.0.5) lib/rack/runtime.rb:22:in `call'
activesupport (5.2.0) lib/active_support/cache/strategy/local_cache_middleware.rb:29:in `call'
actionpack (5.2.0) lib/action_dispatch/middleware/executor.rb:14:in `call'
actionpack (5.2.0) lib/action_dispatch/middleware/static.rb:127:in `call'
rack (2.0.5) lib/rack/sendfile.rb:111:in `call'
railties (5.2.0) lib/rails/engine.rb:524:in `call'
puma (3.11.4) lib/puma/configuration.rb:225:in `call'
puma (3.11.4) lib/puma/server.rb:632:in `handle_request'
puma (3.11.4) lib/puma/server.rb:446:in `process_client'
puma (3.11.4) lib/puma/server.rb:306:in `block in run'
puma (3.11.4) lib/puma/thread_pool.rb:120:in `block in spawn_thread'
Started GET "/welcome/index" for 127.0.0.1 at 2018-05-25 03:14:34 -0500
  
Mysql2::Error::ConnectionError (Access denied for user 'root'@'localhost' (using password: YES)):
  
mysql2-0.5.1-x86 (mingw32) lib/mysql2/client.rb:90:in `connect'
mysql2-0.5.1-x86 (mingw32) lib/mysql2/client.rb:90:in `initialize'
activerecord (5.2.0) lib/active_record/connection_adapters/mysql2_adapter.rb:22:in `new'
activerecord (5.2.0) lib/active_record/connection_adapters/mysql2_adapter.rb:22:in `mysql2_connection'
activerecord (5.2.0) lib/active_record/connection_adapters/abstract/connection_pool.rb:809:in `new_connection'
activerecord (5.2.0) lib/active_record/connection_adapters/abstract/connection_pool.rb:853:in `checkout_new_connection'
activerecord (5.2.0) lib/active_record/connection_adapters/abstract/connection_pool.rb:832:in `try_to_checkout_new_connection'
activerecord (5.2.0) lib/active_record/connection_adapters/abstract/connection_pool.rb:793:in `acquire_connection'
activerecord (5.2.0) lib/active_record/connection_adapters/abstract/connection_pool.rb:521:in `checkout'
activerecord (5.2.0) lib/active_record/connection_adapters/abstract/connection_pool.rb:380:in `connection'
activerecord (5.2.0) lib/active_record/connection_adapters/abstract/connection_pool.rb:1008:in `retrieve_connection'
activerecord (5.2.0) lib/active_record/connection_handling.rb:118:in `retrieve_connection'
activerecord (5.2.0) lib/active_record/connection_handling.rb:90:in `connection'
activerecord (5.2.0) lib/active_record/migration.rb:554:in `call'
actionpack (5.2.0) lib/action_dispatch/middleware/callbacks.rb:28:in `block in call'
activesupport (5.2.0) lib/active_support/callbacks.rb:98:in `run_callbacks'
actionpack (5.2.0) lib/action_dispatch/middleware/callbacks.rb:26:in `call'
actionpack (5.2.0) lib/action_dispatch/middleware/executor.rb:14:in `call'
actionpack (5.2.0) lib/action_dispatch/middleware/debug_exceptions.rb:61:in `call'
web-console (3.6.2) lib/web_console/middleware.rb:135:in `call_app'
web-console (3.6.2) lib/web_console/middleware.rb:30:in `block in call'
web-console (3.6.2) lib/web_console/middleware.rb:20:in `catch'
web-console (3.6.2) lib/web_console/middleware.rb:20:in `call'
actionpack (5.2.0) lib/action_dispatch/middleware/show_exceptions.rb:33:in `call'
railties (5.2.0) lib/rails/rack/logger.rb:38:in `call_app'
railties (5.2.0) lib/rails/rack/logger.rb:26:in `block in call'
activesupport (5.2.0) lib/active_support/tagged_logging.rb:71:in `block in tagged'
activesupport (5.2.0) lib/active_support/tagged_logging.rb:28:in `tagged'
activesupport (5.2.0) lib/active_support/tagged_logging.rb:71:in `tagged'
railties (5.2.0) lib/rails/rack/logger.rb:26:in `call'
sprockets-rails (3.2.1) lib/sprockets/rails/quiet_assets.rb:13:in `call'
actionpack (5.2.0) lib/action_dispatch/middleware/remote_ip.rb:81:in `call'
actionpack (5.2.0) lib/action_dispatch/middleware/request_id.rb:27:in `call'
rack (2.0.5) lib/rack/method_override.rb:22:in `call'
rack (2.0.5) lib/rack/runtime.rb:22:in `call'
activesupport (5.2.0) lib/active_support/cache/strategy/local_cache_middleware.rb:29:in `call'
actionpack (5.2.0) lib/action_dispatch/middleware/executor.rb:14:in `call'
actionpack (5.2.0) lib/action_dispatch/middleware/static.rb:127:in `call'
rack (2.0.5) lib/rack/sendfile.rb:111:in `call'
railties (5.2.0) lib/rails/engine.rb:524:in `call'
puma (3.11.4) lib/puma/configuration.rb:225:in `call'
puma (3.11.4) lib/puma/server.rb:632:in `handle_request'
puma (3.11.4) lib/puma/server.rb:446:in `process_client'
puma (3.11.4) lib/puma/server.rb:306:in `block in run'
puma (3.11.4) lib/puma/thread_pool.rb:120:in `block in spawn_thread'
Started GET "/welcome/index" for 127.0.0.1 at 2018-05-25 03:14:42 -0500
  
Mysql2::Error::ConnectionError (Access denied for user 'root'@'localhost' (using password: YES)):
  
mysql2-0.5.1-x86 (mingw32) lib/mysql2/client.rb:90:in `connect'
mysql2-0.5.1-x86 (mingw32) lib/mysql2/client.rb:90:in `initialize'
activerecord (5.2.0) lib/active_record/connection_adapters/mysql2_adapter.rb:22:in `new'
activerecord (5.2.0) lib/active_record/connection_adapters/mysql2_adapter.rb:22:in `mysql2_connection'
activerecord (5.2.0) lib/active_record/connection_adapters/abstract/connection_pool.rb:809:in `new_connection'
activerecord (5.2.0) lib/active_record/connection_adapters/abstract/connection_pool.rb:853:in `checkout_new_connection'
activerecord (5.2.0) lib/active_record/connection_adapters/abstract/connection_pool.rb:832:in `try_to_checkout_new_connection'
activerecord (5.2.0) lib/active_record/connection_adapters/abstract/connection_pool.rb:793:in `acquire_connection'
activerecord (5.2.0) lib/active_record/connection_adapters/abstract/connection_pool.rb:521:in `checkout'
activerecord (5.2.0) lib/active_record/connection_adapters/abstract/connection_pool.rb:380:in `connection'
activerecord (5.2.0) lib/active_record/connection_adapters/abstract/connection_pool.rb:1008:in `retrieve_connection'
activerecord (5.2.0) lib/active_record/connection_handling.rb:118:in `retrieve_connection'
activerecord (5.2.0) lib/active_record/connection_handling.rb:90:in `connection'
activerecord (5.2.0) lib/active_record/migration.rb:554:in `call'
actionpack (5.2.0) lib/action_dispatch/middleware/callbacks.rb:28:in `block in call'
activesupport (5.2.0) lib/active_support/callbacks.rb:98:in `run_callbacks'
actionpack (5.2.0) lib/action_dispatch/middleware/callbacks.rb:26:in `call'
actionpack (5.2.0) lib/action_dispatch/middleware/executor.rb:14:in `call'
actionpack (5.2.0) lib/action_dispatch/middleware/debug_exceptions.rb:61:in `call'
web-console (3.6.2) lib/web_console/middleware.rb:135:in `call_app'
web-console (3.6.2) lib/web_console/middleware.rb:30:in `block in call'
web-console (3.6.2) lib/web_console/middleware.rb:20:in `catch'
web-console (3.6.2) lib/web_console/middleware.rb:20:in `call'
actionpack (5.2.0) lib/action_dispatch/middleware/show_exceptions.rb:33:in `call'
railties (5.2.0) lib/rails/rack/logger.rb:38:in `call_app'
railties (5.2.0) lib/rails/rack/logger.rb:26:in `block in call'
activesupport (5.2.0) lib/active_support/tagged_logging.rb:71:in `block in tagged'
activesupport (5.2.0) lib/active_support/tagged_logging.rb:28:in `tagged'
activesupport (5.2.0) lib/active_support/tagged_logging.rb:71:in `tagged'
railties (5.2.0) lib/rails/rack/logger.rb:26:in `call'
sprockets-rails (3.2.1) lib/sprockets/rails/quiet_assets.rb:13:in `call'
actionpack (5.2.0) lib/action_dispatch/middleware/remote_ip.rb:81:in `call'
actionpack (5.2.0) lib/action_dispatch/middleware/request_id.rb:27:in `call'
rack (2.0.5) lib/rack/method_override.rb:22:in `call'
rack (2.0.5) lib/rack/runtime.rb:22:in `call'
activesupport (5.2.0) lib/active_support/cache/strategy/local_cache_middleware.rb:29:in `call'
actionpack (5.2.0) lib/action_dispatch/middleware/executor.rb:14:in `call'
actionpack (5.2.0) lib/action_dispatch/middleware/static.rb:127:in `call'
rack (2.0.5) lib/rack/sendfile.rb:111:in `call'
railties (5.2.0) lib/rails/engine.rb:524:in `call'
puma (3.11.4) lib/puma/configuration.rb:225:in `call'
puma (3.11.4) lib/puma/server.rb:632:in `handle_request'
puma (3.11.4) lib/puma/server.rb:446:in `process_client'
puma (3.11.4) lib/puma/server.rb:306:in `block in run'
puma (3.11.4) lib/puma/thread_pool.rb:120:in `block in spawn_thread'
Started GET "/welcome/index" for 127.0.0.1 at 2018-05-25 03:15:12 -0500
  
Mysql2::Error::ConnectionError (Access denied for user 'root'@'localhost' (using password: YES)):
  
mysql2-0.5.1-x86 (mingw32) lib/mysql2/client.rb:90:in `connect'
mysql2-0.5.1-x86 (mingw32) lib/mysql2/client.rb:90:in `initialize'
activerecord (5.2.0) lib/active_record/connection_adapters/mysql2_adapter.rb:22:in `new'
activerecord (5.2.0) lib/active_record/connection_adapters/mysql2_adapter.rb:22:in `mysql2_connection'
activerecord (5.2.0) lib/active_record/connection_adapters/abstract/connection_pool.rb:809:in `new_connection'
activerecord (5.2.0) lib/active_record/connection_adapters/abstract/connection_pool.rb:853:in `checkout_new_connection'
activerecord (5.2.0) lib/active_record/connection_adapters/abstract/connection_pool.rb:832:in `try_to_checkout_new_connection'
activerecord (5.2.0) lib/active_record/connection_adapters/abstract/connection_pool.rb:793:in `acquire_connection'
activerecord (5.2.0) lib/active_record/connection_adapters/abstract/connection_pool.rb:521:in `checkout'
activerecord (5.2.0) lib/active_record/connection_adapters/abstract/connection_pool.rb:380:in `connection'
activerecord (5.2.0) lib/active_record/connection_adapters/abstract/connection_pool.rb:1008:in `retrieve_connection'
activerecord (5.2.0) lib/active_record/connection_handling.rb:118:in `retrieve_connection'
activerecord (5.2.0) lib/active_record/connection_handling.rb:90:in `connection'
activerecord (5.2.0) lib/active_record/migration.rb:554:in `call'
actionpack (5.2.0) lib/action_dispatch/middleware/callbacks.rb:28:in `block in call'
activesupport (5.2.0) lib/active_support/callbacks.rb:98:in `run_callbacks'
actionpack (5.2.0) lib/action_dispatch/middleware/callbacks.rb:26:in `call'
actionpack (5.2.0) lib/action_dispatch/middleware/executor.rb:14:in `call'
actionpack (5.2.0) lib/action_dispatch/middleware/debug_exceptions.rb:61:in `call'
web-console (3.6.2) lib/web_console/middleware.rb:135:in `call_app'
web-console (3.6.2) lib/web_console/middleware.rb:30:in `block in call'
web-console (3.6.2) lib/web_console/middleware.rb:20:in `catch'
web-console (3.6.2) lib/web_console/middleware.rb:20:in `call'
actionpack (5.2.0) lib/action_dispatch/middleware/show_exceptions.rb:33:in `call'
railties (5.2.0) lib/rails/rack/logger.rb:38:in `call_app'
railties (5.2.0) lib/rails/rack/logger.rb:26:in `block in call'
activesupport (5.2.0) lib/active_support/tagged_logging.rb:71:in `block in tagged'
activesupport (5.2.0) lib/active_support/tagged_logging.rb:28:in `tagged'
activesupport (5.2.0) lib/active_support/tagged_logging.rb:71:in `tagged'
railties (5.2.0) lib/rails/rack/logger.rb:26:in `call'
sprockets-rails (3.2.1) lib/sprockets/rails/quiet_assets.rb:13:in `call'
actionpack (5.2.0) lib/action_dispatch/middleware/remote_ip.rb:81:in `call'
actionpack (5.2.0) lib/action_dispatch/middleware/request_id.rb:27:in `call'
rack (2.0.5) lib/rack/method_override.rb:22:in `call'
rack (2.0.5) lib/rack/runtime.rb:22:in `call'
activesupport (5.2.0) lib/active_support/cache/strategy/local_cache_middleware.rb:29:in `call'
actionpack (5.2.0) lib/action_dispatch/middleware/executor.rb:14:in `call'
actionpack (5.2.0) lib/action_dispatch/middleware/static.rb:127:in `call'
rack (2.0.5) lib/rack/sendfile.rb:111:in `call'
railties (5.2.0) lib/rails/engine.rb:524:in `call'
puma (3.11.4) lib/puma/configuration.rb:225:in `call'
puma (3.11.4) lib/puma/server.rb:632:in `handle_request'
puma (3.11.4) lib/puma/server.rb:446:in `process_client'
puma (3.11.4) lib/puma/server.rb:306:in `block in run'
puma (3.11.4) lib/puma/thread_pool.rb:120:in `block in spawn_thread'
Started GET "/welcome/index" for 127.0.0.1 at 2018-05-25 03:15:34 -0500
  
Mysql2::Error::ConnectionError (Access denied for user 'root'@'localhost' (using password: YES)):
  
mysql2-0.5.1-x86 (mingw32) lib/mysql2/client.rb:90:in `connect'
mysql2-0.5.1-x86 (mingw32) lib/mysql2/client.rb:90:in `initialize'
activerecord (5.2.0) lib/active_record/connection_adapters/mysql2_adapter.rb:22:in `new'
activerecord (5.2.0) lib/active_record/connection_adapters/mysql2_adapter.rb:22:in `mysql2_connection'
activerecord (5.2.0) lib/active_record/connection_adapters/abstract/connection_pool.rb:809:in `new_connection'
activerecord (5.2.0) lib/active_record/connection_adapters/abstract/connection_pool.rb:853:in `checkout_new_connection'
activerecord (5.2.0) lib/active_record/connection_adapters/abstract/connection_pool.rb:832:in `try_to_checkout_new_connection'
activerecord (5.2.0) lib/active_record/connection_adapters/abstract/connection_pool.rb:793:in `acquire_connection'
activerecord (5.2.0) lib/active_record/connection_adapters/abstract/connection_pool.rb:521:in `checkout'
activerecord (5.2.0) lib/active_record/connection_adapters/abstract/connection_pool.rb:380:in `connection'
activerecord (5.2.0) lib/active_record/connection_adapters/abstract/connection_pool.rb:1008:in `retrieve_connection'
activerecord (5.2.0) lib/active_record/connection_handling.rb:118:in `retrieve_connection'
activerecord (5.2.0) lib/active_record/connection_handling.rb:90:in `connection'
activerecord (5.2.0) lib/active_record/migration.rb:554:in `call'
actionpack (5.2.0) lib/action_dispatch/middleware/callbacks.rb:28:in `block in call'
activesupport (5.2.0) lib/active_support/callbacks.rb:98:in `run_callbacks'
actionpack (5.2.0) lib/action_dispatch/middleware/callbacks.rb:26:in `call'
actionpack (5.2.0) lib/action_dispatch/middleware/executor.rb:14:in `call'
actionpack (5.2.0) lib/action_dispatch/middleware/debug_exceptions.rb:61:in `call'
web-console (3.6.2) lib/web_console/middleware.rb:135:in `call_app'
web-console (3.6.2) lib/web_console/middleware.rb:30:in `block in call'
web-console (3.6.2) lib/web_console/middleware.rb:20:in `catch'
web-console (3.6.2) lib/web_console/middleware.rb:20:in `call'
actionpack (5.2.0) lib/action_dispatch/middleware/show_exceptions.rb:33:in `call'
railties (5.2.0) lib/rails/rack/logger.rb:38:in `call_app'
railties (5.2.0) lib/rails/rack/logger.rb:26:in `block in call'
activesupport (5.2.0) lib/active_support/tagged_logging.rb:71:in `block in tagged'
activesupport (5.2.0) lib/active_support/tagged_logging.rb:28:in `tagged'
activesupport (5.2.0) lib/active_support/tagged_logging.rb:71:in `tagged'
railties (5.2.0) lib/rails/rack/logger.rb:26:in `call'
sprockets-rails (3.2.1) lib/sprockets/rails/quiet_assets.rb:13:in `call'
actionpack (5.2.0) lib/action_dispatch/middleware/remote_ip.rb:81:in `call'
actionpack (5.2.0) lib/action_dispatch/middleware/request_id.rb:27:in `call'
rack (2.0.5) lib/rack/method_override.rb:22:in `call'
rack (2.0.5) lib/rack/runtime.rb:22:in `call'
activesupport (5.2.0) lib/active_support/cache/strategy/local_cache_middleware.rb:29:in `call'
actionpack (5.2.0) lib/action_dispatch/middleware/executor.rb:14:in `call'
actionpack (5.2.0) lib/action_dispatch/middleware/static.rb:127:in `call'
rack (2.0.5) lib/rack/sendfile.rb:111:in `call'
railties (5.2.0) lib/rails/engine.rb:524:in `call'
puma (3.11.4) lib/puma/configuration.rb:225:in `call'
puma (3.11.4) lib/puma/server.rb:632:in `handle_request'
puma (3.11.4) lib/puma/server.rb:446:in `process_client'
puma (3.11.4) lib/puma/server.rb:306:in `block in run'
puma (3.11.4) lib/puma/thread_pool.rb:120:in `block in spawn_thread'
  [1m[35m (1.0ms)[0m  [1m[35mSET  @@SESSION.sql_mode = CONCAT(CONCAT(@@sql_mode, ',STRICT_ALL_TABLES'), ',NO_AUTO_VALUE_ON_ZERO'),  @@SESSION.sql_auto_is_null = 0, @@SESSION.wait_timeout = 2147483[0m
  ↳ C:/RailsInstaller/Ruby2.3.3/bin/rake:22
  [1m[35m (1.5ms)[0m  [1m[35mCREATE DATABASE `Sistema_PQR` DEFAULT CHARACTER SET `utf8`[0m
  ↳ C:/RailsInstaller/Ruby2.3.3/bin/rake:22
Started GET "/welcome/index" for 127.0.0.1 at 2018-05-25 03:20:06 -0500
  [1m[35m (3.0ms)[0m  [1m[35mSET  @@SESSION.sql_mode = CONCAT(CONCAT(@@sql_mode, ',STRICT_ALL_TABLES'), ',NO_AUTO_VALUE_ON_ZERO'),  @@SESSION.sql_auto_is_null = 0, @@SESSION.wait_timeout = 2147483[0m
  ↳ C:/RailsInstaller/Ruby2.3.3/lib/ruby/gems/2.3.0/gems/activerecord-5.2.0/lib/active_record/log_subscriber.rb:98
  
ActiveRecord::PendingMigrationError (

Migrations are pending. To resolve this issue, run:

        bin/rails db:migrate RAILS_ENV=development

):
  
activerecord (5.2.0) lib/active_record/migration.rb:579:in `check_pending!'
activerecord (5.2.0) lib/active_record/migration.rb:556:in `call'
actionpack (5.2.0) lib/action_dispatch/middleware/callbacks.rb:28:in `block in call'
activesupport (5.2.0) lib/active_support/callbacks.rb:98:in `run_callbacks'
actionpack (5.2.0) lib/action_dispatch/middleware/callbacks.rb:26:in `call'
actionpack (5.2.0) lib/action_dispatch/middleware/executor.rb:14:in `call'
actionpack (5.2.0) lib/action_dispatch/middleware/debug_exceptions.rb:61:in `call'
web-console (3.6.2) lib/web_console/middleware.rb:135:in `call_app'
web-console (3.6.2) lib/web_console/middleware.rb:30:in `block in call'
web-console (3.6.2) lib/web_console/middleware.rb:20:in `catch'
web-console (3.6.2) lib/web_console/middleware.rb:20:in `call'
actionpack (5.2.0) lib/action_dispatch/middleware/show_exceptions.rb:33:in `call'
railties (5.2.0) lib/rails/rack/logger.rb:38:in `call_app'
railties (5.2.0) lib/rails/rack/logger.rb:26:in `block in call'
activesupport (5.2.0) lib/active_support/tagged_logging.rb:71:in `block in tagged'
activesupport (5.2.0) lib/active_support/tagged_logging.rb:28:in `tagged'
activesupport (5.2.0) lib/active_support/tagged_logging.rb:71:in `tagged'
railties (5.2.0) lib/rails/rack/logger.rb:26:in `call'
sprockets-rails (3.2.1) lib/sprockets/rails/quiet_assets.rb:13:in `call'
actionpack (5.2.0) lib/action_dispatch/middleware/remote_ip.rb:81:in `call'
actionpack (5.2.0) lib/action_dispatch/middleware/request_id.rb:27:in `call'
rack (2.0.5) lib/rack/method_override.rb:22:in `call'
rack (2.0.5) lib/rack/runtime.rb:22:in `call'
activesupport (5.2.0) lib/active_support/cache/strategy/local_cache_middleware.rb:29:in `call'
actionpack (5.2.0) lib/action_dispatch/middleware/executor.rb:14:in `call'
actionpack (5.2.0) lib/action_dispatch/middleware/static.rb:127:in `call'
rack (2.0.5) lib/rack/sendfile.rb:111:in `call'
railties (5.2.0) lib/rails/engine.rb:524:in `call'
puma (3.11.4) lib/puma/configuration.rb:225:in `call'
puma (3.11.4) lib/puma/server.rb:632:in `handle_request'
puma (3.11.4) lib/puma/server.rb:446:in `process_client'
puma (3.11.4) lib/puma/server.rb:306:in `block in run'
puma (3.11.4) lib/puma/thread_pool.rb:120:in `block in spawn_thread'
Started GET "/welcome/index" for 127.0.0.1 at 2018-05-25 03:20:31 -0500
  [1m[35m (0.0ms)[0m  [1m[35mSET  @@SESSION.sql_mode = CONCAT(CONCAT(@@sql_mode, ',STRICT_ALL_TABLES'), ',NO_AUTO_VALUE_ON_ZERO'),  @@SESSION.sql_auto_is_null = 0, @@SESSION.wait_timeout = 2147483[0m
  ↳ C:/RailsInstaller/Ruby2.3.3/lib/ruby/gems/2.3.0/gems/activerecord-5.2.0/lib/active_record/log_subscriber.rb:98
  
ActiveRecord::PendingMigrationError (

Migrations are pending. To resolve this issue, run:

        bin/rails db:migrate RAILS_ENV=development

):
  
activerecord (5.2.0) lib/active_record/migration.rb:579:in `check_pending!'
activerecord (5.2.0) lib/active_record/migration.rb:556:in `call'
actionpack (5.2.0) lib/action_dispatch/middleware/callbacks.rb:28:in `block in call'
activesupport (5.2.0) lib/active_support/callbacks.rb:98:in `run_callbacks'
actionpack (5.2.0) lib/action_dispatch/middleware/callbacks.rb:26:in `call'
actionpack (5.2.0) lib/action_dispatch/middleware/executor.rb:14:in `call'
actionpack (5.2.0) lib/action_dispatch/middleware/debug_exceptions.rb:61:in `call'
web-console (3.6.2) lib/web_console/middleware.rb:135:in `call_app'
web-console (3.6.2) lib/web_console/middleware.rb:30:in `block in call'
web-console (3.6.2) lib/web_console/middleware.rb:20:in `catch'
web-console (3.6.2) lib/web_console/middleware.rb:20:in `call'
actionpack (5.2.0) lib/action_dispatch/middleware/show_exceptions.rb:33:in `call'
railties (5.2.0) lib/rails/rack/logger.rb:38:in `call_app'
railties (5.2.0) lib/rails/rack/logger.rb:26:in `block in call'
activesupport (5.2.0) lib/active_support/tagged_logging.rb:71:in `block in tagged'
activesupport (5.2.0) lib/active_support/tagged_logging.rb:28:in `tagged'
activesupport (5.2.0) lib/active_support/tagged_logging.rb:71:in `tagged'
railties (5.2.0) lib/rails/rack/logger.rb:26:in `call'
sprockets-rails (3.2.1) lib/sprockets/rails/quiet_assets.rb:13:in `call'
actionpack (5.2.0) lib/action_dispatch/middleware/remote_ip.rb:81:in `call'
actionpack (5.2.0) lib/action_dispatch/middleware/request_id.rb:27:in `call'
rack (2.0.5) lib/rack/method_override.rb:22:in `call'
rack (2.0.5) lib/rack/runtime.rb:22:in `call'
activesupport (5.2.0) lib/active_support/cache/strategy/local_cache_middleware.rb:29:in `call'
actionpack (5.2.0) lib/action_dispatch/middleware/executor.rb:14:in `call'
actionpack (5.2.0) lib/action_dispatch/middleware/static.rb:127:in `call'
rack (2.0.5) lib/rack/sendfile.rb:111:in `call'
railties (5.2.0) lib/rails/engine.rb:524:in `call'
puma (3.11.4) lib/puma/configuration.rb:225:in `call'
puma (3.11.4) lib/puma/server.rb:632:in `handle_request'
puma (3.11.4) lib/puma/server.rb:446:in `process_client'
puma (3.11.4) lib/puma/server.rb:306:in `block in run'
puma (3.11.4) lib/puma/thread_pool.rb:120:in `block in spawn_thread'
  [1m[35m (0.0ms)[0m  [1m[35mSET  @@SESSION.sql_mode = CONCAT(CONCAT(@@sql_mode, ',STRICT_ALL_TABLES'), ',NO_AUTO_VALUE_ON_ZERO'),  @@SESSION.sql_auto_is_null = 0, @@SESSION.wait_timeout = 2147483[0m
  ↳ bin/rails:4
  [1m[35m (641.3ms)[0m  [1m[35mCREATE TABLE `schema_migrations` (`version` varchar(255) NOT NULL PRIMARY KEY)[0m
  ↳ bin/rails:4
  [1m[35m (191.8ms)[0m  [1m[35mCREATE TABLE `ar_internal_metadata` (`key` varchar(255) NOT NULL PRIMARY KEY, `value` varchar(255), `created_at` datetime NOT NULL, `updated_at` datetime NOT NULL)[0m
  ↳ bin/rails:4
  [1m[35m (0.0ms)[0m  [1m[34mSELECT GET_LOCK('2429868510782270670', 0)[0m
  ↳ bin/rails:4
  [1m[35m (0.0ms)[0m  [1m[34mSELECT `schema_migrations`.`version` FROM `schema_migrations` ORDER BY `schema_migrations`.`version` ASC[0m
  ↳ bin/rails:4
Migrating to CreateUsers (20180524211307)
  [1m[35m (209.5ms)[0m  [1m[35mCREATE TABLE `users` (`id` bigint NOT NULL AUTO_INCREMENT PRIMARY KEY, `nombre` varchar(255), `apellido` varchar(255), `created_at` datetime NOT NULL, `updated_at` datetime NOT NULL)[0m
  ↳ db/migrate/20180524211307_create_users.rb:3
  [1m[35m (1.0ms)[0m  [1m[35mBEGIN[0m
  ↳ bin/rails:4
  [1m[36mActiveRecord::SchemaMigration Create (13.0ms)[0m  [1m[32mINSERT INTO `schema_migrations` (`version`) VALUES ('20180524211307')[0m
  ↳ bin/rails:4
  [1m[35m (19.1ms)[0m  [1m[35mCOMMIT[0m
  ↳ bin/rails:4
Migrating to CreateArticles (20180525075341)
  [1m[35m (178.4ms)[0m  [1m[35mCREATE TABLE `articles` (`id` bigint NOT NULL AUTO_INCREMENT PRIMARY KEY, `title` varchar(255), `body` text, `created_at` datetime NOT NULL, `updated_at` datetime NOT NULL)[0m
  ↳ db/migrate/20180525075341_create_articles.rb:3
  [1m[35m (0.0ms)[0m  [1m[35mBEGIN[0m
  ↳ bin/rails:4
  [1m[36mActiveRecord::SchemaMigration Create (0.0ms)[0m  [1m[32mINSERT INTO `schema_migrations` (`version`) VALUES ('20180525075341')[0m
  ↳ bin/rails:4
  [1m[35m (60.3ms)[0m  [1m[35mCOMMIT[0m
  ↳ bin/rails:4
Migrating to CreateRequests (20180525075701)
  [1m[35m (267.7ms)[0m  [1m[35mCREATE TABLE `requests` (`id` bigint NOT NULL AUTO_INCREMENT PRIMARY KEY, `descripcion` varchar(255), `fecha` varchar(255), `hora` varchar(255), `tipo_solicitud` int, `usuario` int, `adjunto` int, `created_at` datetime NOT NULL, `updated_at` datetime NOT NULL)[0m
  ↳ db/migrate/20180525075701_create_requests.rb:3
  [1m[35m (0.0ms)[0m  [1m[35mBEGIN[0m
  ↳ bin/rails:4
  [1m[36mActiveRecord::SchemaMigration Create (0.0ms)[0m  [1m[32mINSERT INTO `schema_migrations` (`version`) VALUES ('20180525075701')[0m
  ↳ bin/rails:4
  [1m[35m (51.7ms)[0m  [1m[35mCOMMIT[0m
  ↳ bin/rails:4
  [1m[36mActiveRecord::InternalMetadata Load (0.0ms)[0m  [1m[34mSELECT  `ar_internal_metadata`.* FROM `ar_internal_metadata` WHERE `ar_internal_metadata`.`key` = 'environment' LIMIT 1[0m
  ↳ bin/rails:4
  [1m[35m (0.0ms)[0m  [1m[35mBEGIN[0m
  ↳ bin/rails:4
  [1m[36mActiveRecord::InternalMetadata Create (0.0ms)[0m  [1m[32mINSERT INTO `ar_internal_metadata` (`key`, `value`, `created_at`, `updated_at`) VALUES ('environment', 'development', '2018-05-25 08:20:57', '2018-05-25 08:20:57')[0m
  ↳ bin/rails:4
  [1m[35m (15.6ms)[0m  [1m[35mCOMMIT[0m
  ↳ bin/rails:4
  [1m[35m (0.0ms)[0m  [1m[34mSELECT RELEASE_LOCK('2429868510782270670')[0m
  ↳ bin/rails:4
  [1m[35m (0.0ms)[0m  [1m[34mSELECT `schema_migrations`.`version` FROM `schema_migrations` ORDER BY `schema_migrations`.`version` ASC[0m
  ↳ bin/rails:4
Started GET "/welcome/index" for 127.0.0.1 at 2018-05-25 03:21:12 -0500
  [1m[35m (0.0ms)[0m  [1m[35mSET  @@SESSION.sql_mode = CONCAT(CONCAT(@@sql_mode, ',STRICT_ALL_TABLES'), ',NO_AUTO_VALUE_ON_ZERO'),  @@SESSION.sql_auto_is_null = 0, @@SESSION.wait_timeout = 2147483[0m
  ↳ C:/RailsInstaller/Ruby2.3.3/lib/ruby/gems/2.3.0/gems/activerecord-5.2.0/lib/active_record/log_subscriber.rb:98
  [1m[35m (1.0ms)[0m  [1m[34mSELECT `schema_migrations`.`version` FROM `schema_migrations` ORDER BY `schema_migrations`.`version` ASC[0m
  ↳ C:/RailsInstaller/Ruby2.3.3/lib/ruby/gems/2.3.0/gems/activerecord-5.2.0/lib/active_record/log_subscriber.rb:98
Processing by WelcomeController#index as HTML
  Rendering welcome/index.html.erb within layouts/application
  Rendered welcome/index.html.erb within layouts/application (3.0ms)
Completed 200 OK in 1147ms (Views: 1074.6ms | ActiveRecord: 0.0ms)


Started GET "/welcome/index" for 127.0.0.1 at 2018-05-25 03:25:50 -0500
  [1m[35m (1.0ms)[0m  [1m[35mSET  @@SESSION.sql_mode = CONCAT(CONCAT(@@sql_mode, ',STRICT_ALL_TABLES'), ',NO_AUTO_VALUE_ON_ZERO'),  @@SESSION.sql_auto_is_null = 0, @@SESSION.wait_timeout = 2147483[0m
  ↳ C:/RailsInstaller/Ruby2.3.3/lib/ruby/gems/2.3.0/gems/activerecord-5.2.0/lib/active_record/log_subscriber.rb:98
Processing by WelcomeController#index as HTML
  Rendering welcome/index.html.erb within layouts/application
  Rendered welcome/index.html.erb within layouts/application (1.0ms)
Completed 200 OK in 332ms (Views: 288.9ms | ActiveRecord: 0.0ms)


Started GET "/welcome/index" for 127.0.0.1 at 2018-05-25 03:44:05 -0500
  [1m[35m (1.0ms)[0m  [1m[35mSET  @@SESSION.sql_mode = CONCAT(CONCAT(@@sql_mode, ',STRICT_ALL_TABLES'), ',NO_AUTO_VALUE_ON_ZERO'),  @@SESSION.sql_auto_is_null = 0, @@SESSION.wait_timeout = 2147483[0m
  ↳ C:/RailsInstaller/Ruby2.3.3/lib/ruby/gems/2.3.0/gems/activerecord-5.2.0/lib/active_record/log_subscriber.rb:98
Processing by WelcomeController#index as HTML
  Rendering welcome/index.html.erb within layouts/application
  Rendered welcome/index.html.erb within layouts/application (10.5ms)
Completed 200 OK in 386ms (Views: 324.1ms | ActiveRecord: 0.0ms)


Started GET "/welcome/index" for 127.0.0.1 at 2018-05-25 03:44:34 -0500
Processing by WelcomeController#index as HTML
  Rendering welcome/index.html.erb within layouts/application
  Rendered welcome/index.html.erb within layouts/application (2.0ms)
Completed 200 OK in 406ms (Views: 370.7ms | ActiveRecord: 0.0ms)


Started GET "/welcome/index" for 127.0.0.1 at 2018-05-25 03:45:08 -0500
Processing by WelcomeController#index as HTML
  Rendering welcome/index.html.erb within layouts/application
  Rendered welcome/index.html.erb within layouts/application (6.0ms)
Completed 200 OK in 441ms (Views: 403.0ms | ActiveRecord: 0.0ms)


Started GET "/welcome/index" for 127.0.0.1 at 2018-05-25 03:45:47 -0500
Processing by WelcomeController#index as HTML
  Rendering welcome/index.html.erb within layouts/application
  Rendered welcome/index.html.erb within layouts/application (1.0ms)
Completed 200 OK in 287ms (Views: 248.9ms | ActiveRecord: 0.0ms)


Started GET "/welcome/index" for 127.0.0.1 at 2018-05-25 03:46:16 -0500
Processing by WelcomeController#index as HTML
  Rendering welcome/index.html.erb within layouts/application
  Rendered welcome/index.html.erb within layouts/application (2.0ms)
Completed 200 OK in 245ms (Views: 210.0ms | ActiveRecord: 0.0ms)


Started GET "/welcome/index" for 127.0.0.1 at 2018-05-25 03:47:49 -0500
Processing by WelcomeController#index as HTML
  Rendering welcome/index.html.erb within layouts/application
  Rendered welcome/index.html.erb within layouts/application (1.0ms)
Completed 200 OK in 268ms (Views: 228.4ms | ActiveRecord: 0.0ms)


Started GET "/welcome/index" for 127.0.0.1 at 2018-05-25 03:48:41 -0500
Processing by WelcomeController#index as HTML
  Rendering welcome/index.html.erb within layouts/application
  Rendered welcome/index.html.erb within layouts/application (1.0ms)
Completed 200 OK in 262ms (Views: 227.9ms | ActiveRecord: 0.0ms)


Started GET "/welcome/index" for 127.0.0.1 at 2018-05-25 03:49:29 -0500
Processing by WelcomeController#index as HTML
  Rendering welcome/index.html.erb within layouts/application
  Rendered welcome/index.html.erb within layouts/application (3.0ms)
Completed 200 OK in 247ms (Views: 212.9ms | ActiveRecord: 0.0ms)


Started GET "/welcome/index" for 127.0.0.1 at 2018-05-25 03:50:52 -0500
Processing by WelcomeController#index as HTML
  Rendering welcome/index.html.erb within layouts/application
  Rendered welcome/index.html.erb within layouts/application (1.0ms)
Completed 200 OK in 255ms (Views: 221.6ms | ActiveRecord: 0.0ms)


Started GET "/welcome/index" for 127.0.0.1 at 2018-05-25 03:51:00 -0500
Processing by WelcomeController#index as HTML
  Rendering welcome/index.html.erb within layouts/application
  Rendered welcome/index.html.erb within layouts/application (1.0ms)
Completed 200 OK in 254ms (Views: 216.5ms | ActiveRecord: 0.0ms)


Started GET "/welcome/index" for 127.0.0.1 at 2018-05-25 03:52:27 -0500
Processing by WelcomeController#index as HTML
  Rendering welcome/index.html.erb within layouts/application
  Rendered welcome/index.html.erb within layouts/application (1.0ms)
Completed 200 OK in 584ms (Views: 548.0ms | ActiveRecord: 0.0ms)


Started GET "/welcome/index" for 127.0.0.1 at 2018-05-25 12:54:23 -0500
  
Mysql2::Error::ConnectionError (Can't connect to MySQL server on 'localhost' (10061)):
  
mysql2-0.5.1-x86 (mingw32) lib/mysql2/client.rb:90:in `connect'
mysql2-0.5.1-x86 (mingw32) lib/mysql2/client.rb:90:in `initialize'
activerecord (5.2.0) lib/active_record/connection_adapters/mysql2_adapter.rb:22:in `new'
activerecord (5.2.0) lib/active_record/connection_adapters/mysql2_adapter.rb:22:in `mysql2_connection'
activerecord (5.2.0) lib/active_record/connection_adapters/abstract/connection_pool.rb:809:in `new_connection'
activerecord (5.2.0) lib/active_record/connection_adapters/abstract/connection_pool.rb:853:in `checkout_new_connection'
activerecord (5.2.0) lib/active_record/connection_adapters/abstract/connection_pool.rb:832:in `try_to_checkout_new_connection'
activerecord (5.2.0) lib/active_record/connection_adapters/abstract/connection_pool.rb:793:in `acquire_connection'
activerecord (5.2.0) lib/active_record/connection_adapters/abstract/connection_pool.rb:521:in `checkout'
activerecord (5.2.0) lib/active_record/connection_adapters/abstract/connection_pool.rb:380:in `connection'
activerecord (5.2.0) lib/active_record/connection_adapters/abstract/connection_pool.rb:1008:in `retrieve_connection'
activerecord (5.2.0) lib/active_record/connection_handling.rb:118:in `retrieve_connection'
activerecord (5.2.0) lib/active_record/connection_handling.rb:90:in `connection'
activerecord (5.2.0) lib/active_record/migration.rb:554:in `call'
actionpack (5.2.0) lib/action_dispatch/middleware/callbacks.rb:28:in `block in call'
activesupport (5.2.0) lib/active_support/callbacks.rb:98:in `run_callbacks'
actionpack (5.2.0) lib/action_dispatch/middleware/callbacks.rb:26:in `call'
actionpack (5.2.0) lib/action_dispatch/middleware/executor.rb:14:in `call'
actionpack (5.2.0) lib/action_dispatch/middleware/debug_exceptions.rb:61:in `call'
web-console (3.6.2) lib/web_console/middleware.rb:135:in `call_app'
web-console (3.6.2) lib/web_console/middleware.rb:30:in `block in call'
web-console (3.6.2) lib/web_console/middleware.rb:20:in `catch'
web-console (3.6.2) lib/web_console/middleware.rb:20:in `call'
actionpack (5.2.0) lib/action_dispatch/middleware/show_exceptions.rb:33:in `call'
railties (5.2.0) lib/rails/rack/logger.rb:38:in `call_app'
railties (5.2.0) lib/rails/rack/logger.rb:26:in `block in call'
activesupport (5.2.0) lib/active_support/tagged_logging.rb:71:in `block in tagged'
activesupport (5.2.0) lib/active_support/tagged_logging.rb:28:in `tagged'
activesupport (5.2.0) lib/active_support/tagged_logging.rb:71:in `tagged'
railties (5.2.0) lib/rails/rack/logger.rb:26:in `call'
sprockets-rails (3.2.1) lib/sprockets/rails/quiet_assets.rb:13:in `call'
actionpack (5.2.0) lib/action_dispatch/middleware/remote_ip.rb:81:in `call'
actionpack (5.2.0) lib/action_dispatch/middleware/request_id.rb:27:in `call'
rack (2.0.5) lib/rack/method_override.rb:22:in `call'
rack (2.0.5) lib/rack/runtime.rb:22:in `call'
activesupport (5.2.0) lib/active_support/cache/strategy/local_cache_middleware.rb:29:in `call'
actionpack (5.2.0) lib/action_dispatch/middleware/executor.rb:14:in `call'
actionpack (5.2.0) lib/action_dispatch/middleware/static.rb:127:in `call'
rack (2.0.5) lib/rack/sendfile.rb:111:in `call'
railties (5.2.0) lib/rails/engine.rb:524:in `call'
puma (3.11.4) lib/puma/configuration.rb:225:in `call'
puma (3.11.4) lib/puma/server.rb:632:in `handle_request'
puma (3.11.4) lib/puma/server.rb:446:in `process_client'
puma (3.11.4) lib/puma/server.rb:306:in `block in run'
puma (3.11.4) lib/puma/thread_pool.rb:120:in `block in spawn_thread'
Started GET "/welcome/index" for 127.0.0.1 at 2018-05-25 12:56:35 -0500
  
Mysql2::Error::ConnectionError (Can't connect to MySQL server on 'localhost' (10061)):
  
mysql2-0.5.1-x86 (mingw32) lib/mysql2/client.rb:90:in `connect'
mysql2-0.5.1-x86 (mingw32) lib/mysql2/client.rb:90:in `initialize'
activerecord (5.2.0) lib/active_record/connection_adapters/mysql2_adapter.rb:22:in `new'
activerecord (5.2.0) lib/active_record/connection_adapters/mysql2_adapter.rb:22:in `mysql2_connection'
activerecord (5.2.0) lib/active_record/connection_adapters/abstract/connection_pool.rb:809:in `new_connection'
activerecord (5.2.0) lib/active_record/connection_adapters/abstract/connection_pool.rb:853:in `checkout_new_connection'
activerecord (5.2.0) lib/active_record/connection_adapters/abstract/connection_pool.rb:832:in `try_to_checkout_new_connection'
activerecord (5.2.0) lib/active_record/connection_adapters/abstract/connection_pool.rb:793:in `acquire_connection'
activerecord (5.2.0) lib/active_record/connection_adapters/abstract/connection_pool.rb:521:in `checkout'
activerecord (5.2.0) lib/active_record/connection_adapters/abstract/connection_pool.rb:380:in `connection'
activerecord (5.2.0) lib/active_record/connection_adapters/abstract/connection_pool.rb:1008:in `retrieve_connection'
activerecord (5.2.0) lib/active_record/connection_handling.rb:118:in `retrieve_connection'
activerecord (5.2.0) lib/active_record/connection_handling.rb:90:in `connection'
activerecord (5.2.0) lib/active_record/migration.rb:554:in `call'
actionpack (5.2.0) lib/action_dispatch/middleware/callbacks.rb:28:in `block in call'
activesupport (5.2.0) lib/active_support/callbacks.rb:98:in `run_callbacks'
actionpack (5.2.0) lib/action_dispatch/middleware/callbacks.rb:26:in `call'
actionpack (5.2.0) lib/action_dispatch/middleware/executor.rb:14:in `call'
actionpack (5.2.0) lib/action_dispatch/middleware/debug_exceptions.rb:61:in `call'
web-console (3.6.2) lib/web_console/middleware.rb:135:in `call_app'
web-console (3.6.2) lib/web_console/middleware.rb:30:in `block in call'
web-console (3.6.2) lib/web_console/middleware.rb:20:in `catch'
web-console (3.6.2) lib/web_console/middleware.rb:20:in `call'
actionpack (5.2.0) lib/action_dispatch/middleware/show_exceptions.rb:33:in `call'
railties (5.2.0) lib/rails/rack/logger.rb:38:in `call_app'
railties (5.2.0) lib/rails/rack/logger.rb:26:in `block in call'
activesupport (5.2.0) lib/active_support/tagged_logging.rb:71:in `block in tagged'
activesupport (5.2.0) lib/active_support/tagged_logging.rb:28:in `tagged'
activesupport (5.2.0) lib/active_support/tagged_logging.rb:71:in `tagged'
railties (5.2.0) lib/rails/rack/logger.rb:26:in `call'
sprockets-rails (3.2.1) lib/sprockets/rails/quiet_assets.rb:13:in `call'
actionpack (5.2.0) lib/action_dispatch/middleware/remote_ip.rb:81:in `call'
actionpack (5.2.0) lib/action_dispatch/middleware/request_id.rb:27:in `call'
rack (2.0.5) lib/rack/method_override.rb:22:in `call'
rack (2.0.5) lib/rack/runtime.rb:22:in `call'
activesupport (5.2.0) lib/active_support/cache/strategy/local_cache_middleware.rb:29:in `call'
actionpack (5.2.0) lib/action_dispatch/middleware/executor.rb:14:in `call'
actionpack (5.2.0) lib/action_dispatch/middleware/static.rb:127:in `call'
rack (2.0.5) lib/rack/sendfile.rb:111:in `call'
railties (5.2.0) lib/rails/engine.rb:524:in `call'
puma (3.11.4) lib/puma/configuration.rb:225:in `call'
puma (3.11.4) lib/puma/server.rb:632:in `handle_request'
puma (3.11.4) lib/puma/server.rb:446:in `process_client'
puma (3.11.4) lib/puma/server.rb:306:in `block in run'
puma (3.11.4) lib/puma/thread_pool.rb:120:in `block in spawn_thread'
Started GET "/welcome/index" for 127.0.0.1 at 2018-05-25 12:56:47 -0500
Started GET "/welcome/index" for 127.0.0.1 at 2018-05-25 12:57:02 -0500
Started GET "/welcome/index" for 127.0.0.1 at 2018-05-25 12:57:03 -0500
Started GET "/welcome/index" for 127.0.0.1 at 2018-05-25 12:57:17 -0500
  [1m[35m (326.5ms)[0m  [1m[35mSET  @@SESSION.sql_mode = CONCAT(CONCAT(@@sql_mode, ',STRICT_ALL_TABLES'), ',NO_AUTO_VALUE_ON_ZERO'),  @@SESSION.sql_auto_is_null = 0, @@SESSION.wait_timeout = 2147483[0m
  [1m[35m (495.6ms)[0m  [1m[35mSET  @@SESSION.sql_mode = CONCAT(CONCAT(@@sql_mode, ',STRICT_ALL_TABLES'), ',NO_AUTO_VALUE_ON_ZERO'),  @@SESSION.sql_auto_is_null = 0, @@SESSION.wait_timeout = 2147483[0m
  [1m[35m (496.6ms)[0m  [1m[35mSET  @@SESSION.sql_mode = CONCAT(CONCAT(@@sql_mode, ',STRICT_ALL_TABLES'), ',NO_AUTO_VALUE_ON_ZERO'),  @@SESSION.sql_auto_is_null = 0, @@SESSION.wait_timeout = 2147483[0m
  [1m[35m (495.6ms)[0m  [1m[35mSET  @@SESSION.sql_mode = CONCAT(CONCAT(@@sql_mode, ',STRICT_ALL_TABLES'), ',NO_AUTO_VALUE_ON_ZERO'),  @@SESSION.sql_auto_is_null = 0, @@SESSION.wait_timeout = 2147483[0m
  ↳ C:/RailsInstaller/Ruby2.3.3/lib/ruby/gems/2.3.0/gems/activerecord-5.2.0/lib/active_record/log_subscriber.rb:98
  ↳ C:/RailsInstaller/Ruby2.3.3/lib/ruby/gems/2.3.0/gems/activerecord-5.2.0/lib/active_record/log_subscriber.rb:98
Started GET "/welcome/index" for 127.0.0.1 at 2018-05-25 12:57:53 -0500
  ↳ C:/RailsInstaller/Ruby2.3.3/lib/ruby/gems/2.3.0/gems/activerecord-5.2.0/lib/active_record/log_subscriber.rb:98
  ↳ C:/RailsInstaller/Ruby2.3.3/lib/ruby/gems/2.3.0/gems/activerecord-5.2.0/lib/active_record/log_subscriber.rb:98
  [1m[35m (156.0ms)[0m  [1m[35mSET  @@SESSION.sql_mode = CONCAT(CONCAT(@@sql_mode, ',STRICT_ALL_TABLES'), ',NO_AUTO_VALUE_ON_ZERO'),  @@SESSION.sql_auto_is_null = 0, @@SESSION.wait_timeout = 2147483[0m
  ↳ C:/RailsInstaller/Ruby2.3.3/lib/ruby/gems/2.3.0/gems/activerecord-5.2.0/lib/active_record/log_subscriber.rb:98
  [1m[35m (25.0ms)[0m  [1m[34mSELECT `schema_migrations`.`version` FROM `schema_migrations` ORDER BY `schema_migrations`.`version` ASC[0m
  [1m[35m (83.5ms)[0m  [1m[34mSELECT `schema_migrations`.`version` FROM `schema_migrations` ORDER BY `schema_migrations`.`version` ASC[0m
  [1m[35m (82.5ms)[0m  [1m[34mSELECT `schema_migrations`.`version` FROM `schema_migrations` ORDER BY `schema_migrations`.`version` ASC[0m
  [1m[35m (81.0ms)[0m  [1m[34mSELECT `schema_migrations`.`version` FROM `schema_migrations` ORDER BY `schema_migrations`.`version` ASC[0m
  ↳ C:/RailsInstaller/Ruby2.3.3/lib/ruby/gems/2.3.0/gems/activerecord-5.2.0/lib/active_record/log_subscriber.rb:98
  [1m[35m (1530.8ms)[0m  [1m[34mSELECT `schema_migrations`.`version` FROM `schema_migrations` ORDER BY `schema_migrations`.`version` ASC[0m
  ↳ C:/RailsInstaller/Ruby2.3.3/lib/ruby/gems/2.3.0/gems/activerecord-5.2.0/lib/active_record/log_subscriber.rb:98
  ↳ C:/RailsInstaller/Ruby2.3.3/lib/ruby/gems/2.3.0/gems/activerecord-5.2.0/lib/active_record/log_subscriber.rb:98
  ↳ C:/RailsInstaller/Ruby2.3.3/lib/ruby/gems/2.3.0/gems/activerecord-5.2.0/lib/active_record/log_subscriber.rb:98
  ↳ C:/RailsInstaller/Ruby2.3.3/lib/ruby/gems/2.3.0/gems/activerecord-5.2.0/lib/active_record/log_subscriber.rb:98
Processing by WelcomeController#index as HTML
Processing by WelcomeController#index as HTML
Processing by WelcomeController#index as HTML
Processing by WelcomeController#index as HTML
Processing by WelcomeController#index as HTML
  Rendering welcome/index.html.erb within layouts/application
  Rendering welcome/index.html.erb within layouts/application
  Rendered welcome/index.html.erb within layouts/application (1.0ms)
  Rendering welcome/index.html.erb within layouts/application
  Rendered welcome/index.html.erb within layouts/application (0.0ms)
  Rendering welcome/index.html.erb within layouts/application
  Rendering welcome/index.html.erb within layouts/application
  Rendered welcome/index.html.erb within layouts/application (0.5ms)
  Rendered welcome/index.html.erb within layouts/application (0.5ms)
  Rendered welcome/index.html.erb within layouts/application (0.0ms)
Completed 500 Internal Server Error in 21204ms (ActiveRecord: 0.0ms)


Completed 500 Internal Server Error in 20616ms (ActiveRecord: 0.0ms)


Completed 500 Internal Server Error in 20906ms (ActiveRecord: 0.0ms)


  
  
  
ActionView::Template::Error (Permission denied @ rb_file_s_rename - (C:/RailsInstaller/Rails/PQR/tmp/cache/assets/sprockets/v3.0/Ni/NiePAlNO_JX9GYp5ck9FPRbdM_z7i1XqpPQBlQxZnvk.cache.40318716.204.598895, C:/RailsInstaller/Rails/PQR/tmp/cache/assets/sprockets/v3.0/Ni/NiePAlNO_JX9GYp5ck9FPRbdM_z7i1XqpPQBlQxZnvk.cache)):
ActionView::Template::Error (Permission denied @ rb_file_s_rename - (C:/RailsInstaller/Rails/PQR/tmp/cache/assets/sprockets/v3.0/Ni/NiePAlNO_JX9GYp5ck9FPRbdM_z7i1XqpPQBlQxZnvk.cache.40318332.204.876979, C:/RailsInstaller/Rails/PQR/tmp/cache/assets/sprockets/v3.0/Ni/NiePAlNO_JX9GYp5ck9FPRbdM_z7i1XqpPQBlQxZnvk.cache)):
ActionView::Template::Error (Permission denied @ rb_file_s_rename - (C:/RailsInstaller/Rails/PQR/tmp/cache/assets/sprockets/v3.0/Ni/NiePAlNO_JX9GYp5ck9FPRbdM_z7i1XqpPQBlQxZnvk.cache.40318428.204.311181, C:/RailsInstaller/Rails/PQR/tmp/cache/assets/sprockets/v3.0/Ni/NiePAlNO_JX9GYp5ck9FPRbdM_z7i1XqpPQBlQxZnvk.cache)):
     5:   <head >
     6:     <link rel="stylesheet" href="https://cdnjs.cloudflare.com/ajax/libs/flexboxgrid/6.3.1/flexboxgrid.css" />
     7:     <title>PQR</title>
     8:     <%= stylesheet_link_tag    'application', media: 'all', 'data-turbolinks-track'=> true %>
     9:     <%= javascript_include_tag 'application', 'data-turbolinks-track' => true %>
    10:     <%= csrf_meta_tags %>
    11: 
     5:   <head >
     6:     <link rel="stylesheet" href="https://cdnjs.cloudflare.com/ajax/libs/flexboxgrid/6.3.1/flexboxgrid.css" />
     7:     <title>PQR</title>
     8:     <%= stylesheet_link_tag    'application', media: 'all', 'data-turbolinks-track'=> true %>
     9:     <%= javascript_include_tag 'application', 'data-turbolinks-track' => true %>
    10:     <%= csrf_meta_tags %>
    11: 
     5:   <head >
     6:     <link rel="stylesheet" href="https://cdnjs.cloudflare.com/ajax/libs/flexboxgrid/6.3.1/flexboxgrid.css" />
     7:     <title>PQR</title>
     8:     <%= stylesheet_link_tag    'application', media: 'all', 'data-turbolinks-track'=> true %>
     9:     <%= javascript_include_tag 'application', 'data-turbolinks-track' => true %>
    10:     <%= csrf_meta_tags %>
    11: 
  
  
  
app/views/layouts/application.html.erb:8:in `_app_views_layouts_application_html_erb___74477708_25701204'
app/views/layouts/application.html.erb:8:in `_app_views_layouts_application_html_erb___74477708_25701204'
app/views/layouts/application.html.erb:8:in `_app_views_layouts_application_html_erb___74477708_25701204'
Started GET "/welcome/index" for 127.0.0.1 at 2018-05-25 13:02:00 -0500
Started GET "/welcome/index" for 127.0.0.1 at 2018-05-25 13:02:00 -0500
  [1m[35m (616.6ms)[0m  [1m[35mSET  @@SESSION.sql_mode = CONCAT(CONCAT(@@sql_mode, ',STRICT_ALL_TABLES'), ',NO_AUTO_VALUE_ON_ZERO'),  @@SESSION.sql_auto_is_null = 0, @@SESSION.wait_timeout = 2147483[0m
Started GET "/welcome/index" for 127.0.0.1 at 2018-05-25 13:02:07 -0500
  [1m[35m (200.5ms)[0m  [1m[35mSET  @@SESSION.sql_mode = CONCAT(CONCAT(@@sql_mode, ',STRICT_ALL_TABLES'), ',NO_AUTO_VALUE_ON_ZERO'),  @@SESSION.sql_auto_is_null = 0, @@SESSION.wait_timeout = 2147483[0m
  ↳ C:/RailsInstaller/Ruby2.3.3/lib/ruby/gems/2.3.0/gems/activerecord-5.2.0/lib/active_record/log_subscriber.rb:98
  ↳ C:/RailsInstaller/Ruby2.3.3/lib/ruby/gems/2.3.0/gems/activerecord-5.2.0/lib/active_record/log_subscriber.rb:98
Processing by WelcomeController#index as HTML
Processing by WelcomeController#index as HTML
  [1m[35m (139.5ms)[0m  [1m[35mSET  @@SESSION.sql_mode = CONCAT(CONCAT(@@sql_mode, ',STRICT_ALL_TABLES'), ',NO_AUTO_VALUE_ON_ZERO'),  @@SESSION.sql_auto_is_null = 0, @@SESSION.wait_timeout = 2147483[0m
  ↳ C:/RailsInstaller/Ruby2.3.3/lib/ruby/gems/2.3.0/gems/activerecord-5.2.0/lib/active_record/log_subscriber.rb:98
  Rendering welcome/index.html.erb within layouts/application
Processing by WelcomeController#index as HTML
  Rendered welcome/index.html.erb within layouts/application (1.5ms)
  Rendering welcome/index.html.erb within layouts/application
  Rendered welcome/index.html.erb within layouts/application (0.5ms)
  Rendering welcome/index.html.erb within layouts/application
  Rendered welcome/index.html.erb within layouts/application (0.0ms)
Completed 500 Internal Server Error in 7847ms (ActiveRecord: 0.0ms)


  
ActionView::Template::Error (Permission denied @ rb_file_s_rename - (C:/RailsInstaller/Rails/PQR/tmp/cache/assets/sprockets/v3.0/I9/I9Ji3hKbhOCXCg5Or8mdoK35rCPPZCSeNUUiuHJ176w.cache.40318332.204.466392, C:/RailsInstaller/Rails/PQR/tmp/cache/assets/sprockets/v3.0/I9/I9Ji3hKbhOCXCg5Or8mdoK35rCPPZCSeNUUiuHJ176w.cache)):
     5:   <head >
     6:     <link rel="stylesheet" href="https://cdnjs.cloudflare.com/ajax/libs/flexboxgrid/6.3.1/flexboxgrid.css" />
     7:     <title>PQR</title>
     8:     <%= stylesheet_link_tag    'application', media: 'all', 'data-turbolinks-track'=> true %>
     9:     <%= javascript_include_tag 'application', 'data-turbolinks-track' => true %>
    10:     <%= csrf_meta_tags %>
    11: 
  
app/views/layouts/application.html.erb:8:in `_app_views_layouts_application_html_erb___74477708_119139672'
Completed 200 OK in 271264ms (Views: 270763.8ms | ActiveRecord: 0.0ms)


Completed 200 OK in 20053ms (Views: 19544.1ms | ActiveRecord: 0.0ms)


Completed 200 OK in 271410ms (Views: 271046.2ms | ActiveRecord: 0.0ms)


Started GET "/welcome/index" for 127.0.0.1 at 2018-05-25 13:05:10 -0500
Completed 200 OK in 171825ms (Views: 171170.8ms | ActiveRecord: 0.0ms)


Started GET "/welcome/index" for 127.0.0.1 at 2018-05-25 13:05:10 -0500
Started GET "/welcome/index" for 127.0.0.1 at 2018-05-25 13:05:10 -0500
Processing by WelcomeController#index as HTML
Processing by WelcomeController#index as HTML
  [1m[35m (2.0ms)[0m  [1m[35mSET  @@SESSION.sql_mode = CONCAT(CONCAT(@@sql_mode, ',STRICT_ALL_TABLES'), ',NO_AUTO_VALUE_ON_ZERO'),  @@SESSION.sql_auto_is_null = 0, @@SESSION.wait_timeout = 2147483[0m
Started GET "/welcome/index" for 127.0.0.1 at 2018-05-25 13:05:10 -0500
  ↳ C:/RailsInstaller/Ruby2.3.3/lib/ruby/gems/2.3.0/gems/activerecord-5.2.0/lib/active_record/log_subscriber.rb:98
  Rendering welcome/index.html.erb within layouts/application
Processing by WelcomeController#index as HTML
  Rendering welcome/index.html.erb within layouts/application
  [1m[35m (1.5ms)[0m  [1m[35mSET  @@SESSION.sql_mode = CONCAT(CONCAT(@@sql_mode, ',STRICT_ALL_TABLES'), ',NO_AUTO_VALUE_ON_ZERO'),  @@SESSION.sql_auto_is_null = 0, @@SESSION.wait_timeout = 2147483[0m
  Rendered welcome/index.html.erb within layouts/application (1.0ms)
  Rendered welcome/index.html.erb within layouts/application (1.0ms)
  ↳ C:/RailsInstaller/Ruby2.3.3/lib/ruby/gems/2.3.0/gems/activerecord-5.2.0/lib/active_record/log_subscriber.rb:98
Processing by WelcomeController#index as HTML
  Rendering welcome/index.html.erb within layouts/application
  Rendered welcome/index.html.erb within layouts/application (0.5ms)
  Rendering welcome/index.html.erb within layouts/application
Completed 200 OK in 2019ms (Views: 1903.8ms | ActiveRecord: 0.0ms)


  Rendered welcome/index.html.erb within layouts/application (0.0ms)
Completed 200 OK in 1977ms (Views: 1749.7ms | ActiveRecord: 0.0ms)


Completed 200 OK in 1285ms (Views: 1238.9ms | ActiveRecord: 0.0ms)


Completed 200 OK in 1277ms (Views: 1175.3ms | ActiveRecord: 0.0ms)


Started GET "/welcome/index" for 127.0.0.1 at 2018-05-25 13:22:19 -0500
  [1m[35m (1287.2ms)[0m  [1m[35mSET  @@SESSION.sql_mode = CONCAT(CONCAT(@@sql_mode, ',STRICT_ALL_TABLES'), ',NO_AUTO_VALUE_ON_ZERO'),  @@SESSION.sql_auto_is_null = 0, @@SESSION.wait_timeout = 2147483[0m
  ↳ C:/RailsInstaller/Ruby2.3.3/lib/ruby/gems/2.3.0/gems/activerecord-5.2.0/lib/active_record/log_subscriber.rb:98
Processing by WelcomeController#index as HTML
  Rendering welcome/index.html.erb within layouts/application
  Rendered welcome/index.html.erb within layouts/application (421.1ms)
Completed 200 OK in 41136ms (Views: 39925.7ms | ActiveRecord: 0.0ms)


Started GET "/welcome/index" for 127.0.0.1 at 2018-05-25 13:41:26 -0500
  [1m[35m (0.5ms)[0m  [1m[35mSET  @@SESSION.sql_mode = CONCAT(CONCAT(@@sql_mode, ',STRICT_ALL_TABLES'), ',NO_AUTO_VALUE_ON_ZERO'),  @@SESSION.sql_auto_is_null = 0, @@SESSION.wait_timeout = 2147483[0m
  ↳ C:/RailsInstaller/Ruby2.3.3/lib/ruby/gems/2.3.0/gems/activerecord-5.2.0/lib/active_record/log_subscriber.rb:98
Processing by WelcomeController#index as HTML
  Rendering welcome/index.html.erb within layouts/application
  Rendered welcome/index.html.erb within layouts/application (48.0ms)
Completed 200 OK in 4115ms (Views: 3997.5ms | ActiveRecord: 0.0ms)


Started GET "/welcome/index" for 127.0.0.1 at 2018-05-25 13:48:53 -0500
  [1m[35m (0.0ms)[0m  [1m[35mSET  @@SESSION.sql_mode = CONCAT(CONCAT(@@sql_mode, ',STRICT_ALL_TABLES'), ',NO_AUTO_VALUE_ON_ZERO'),  @@SESSION.sql_auto_is_null = 0, @@SESSION.wait_timeout = 2147483[0m
  ↳ C:/RailsInstaller/Ruby2.3.3/lib/ruby/gems/2.3.0/gems/activerecord-5.2.0/lib/active_record/log_subscriber.rb:98
Processing by WelcomeController#index as HTML
  Rendering welcome/index.html.erb within layouts/application
  Rendered welcome/index.html.erb within layouts/application (1.0ms)
Completed 200 OK in 985ms (Views: 950.0ms | ActiveRecord: 0.0ms)


Started GET "/welcome/index" for 127.0.0.1 at 2018-05-25 13:49:15 -0500
Processing by WelcomeController#index as HTML
  Rendering welcome/index.html.erb within layouts/application
  Rendered welcome/index.html.erb within layouts/application (1.5ms)
Completed 200 OK in 447ms (Views: 413.1ms | ActiveRecord: 0.0ms)


Started GET "/welcome/index" for 127.0.0.1 at 2018-05-25 13:49:33 -0500
Processing by WelcomeController#index as HTML
  Rendering welcome/index.html.erb within layouts/application
  Rendered welcome/index.html.erb within layouts/application (1.0ms)
Completed 200 OK in 305ms (Views: 230.6ms | ActiveRecord: 0.0ms)


Started GET "/welcome/index" for 127.0.0.1 at 2018-05-25 13:50:43 -0500
Processing by WelcomeController#index as HTML
  Rendering welcome/index.html.erb within layouts/application
  Rendered welcome/index.html.erb within layouts/application (1.0ms)
Completed 200 OK in 3594ms (Views: 3556.7ms | ActiveRecord: 0.0ms)


Started GET "/welcome/index" for 127.0.0.1 at 2018-05-25 13:52:21 -0500
Processing by WelcomeController#index as HTML
  Rendering welcome/index.html.erb within layouts/application
  Rendered welcome/index.html.erb within layouts/application (1.5ms)
Completed 200 OK in 300ms (Views: 266.8ms | ActiveRecord: 0.0ms)


Started GET "/welcome/index" for 127.0.0.1 at 2018-05-25 13:52:41 -0500
Processing by WelcomeController#index as HTML
  Rendering welcome/index.html.erb within layouts/application
  Rendered welcome/index.html.erb within layouts/application (1.0ms)
Completed 200 OK in 368ms (Views: 333.8ms | ActiveRecord: 0.0ms)


Started GET "/welcome/index" for 127.0.0.1 at 2018-05-25 13:52:49 -0500
Processing by WelcomeController#index as HTML
  Rendering welcome/index.html.erb within layouts/application
  Rendered welcome/index.html.erb within layouts/application (1.0ms)
Completed 200 OK in 321ms (Views: 287.3ms | ActiveRecord: 0.0ms)


Started GET "/welcome/index" for 127.0.0.1 at 2018-05-25 13:54:11 -0500
Processing by WelcomeController#index as HTML
  Rendering welcome/index.html.erb within layouts/application
  Rendered welcome/index.html.erb within layouts/application (1.0ms)
Completed 500 Internal Server Error in 235ms (ActiveRecord: 0.0ms)


  
ActionView::Template::Error (Invalid CSS after "	font-family": expected ";", was ": 'Roboto', san..."):
    3:   <head >
    4:     <title>PQR</title>
    5:     <link href="https://fonts.googleapis.com/css?family=Roboto" rel="stylesheet">
    6:     <%= stylesheet_link_tag    'application', media: 'all', 'data-turbolinks-track'=> true %>
    7:     <%= javascript_include_tag 'application', 'data-turbolinks-track' => true %>
    8:     <%= csrf_meta_tags %>
    9: 
  
app/assets/stylesheets/style.scss:3
app/views/layouts/application.html.erb:6:in `_app_views_layouts_application_html_erb___74477708_143381040'
Started GET "/welcome/index" for 127.0.0.1 at 2018-05-25 13:55:28 -0500
Processing by WelcomeController#index as HTML
  Rendering welcome/index.html.erb within layouts/application
  Rendered welcome/index.html.erb within layouts/application (1.0ms)
Completed 500 Internal Server Error in 218ms (ActiveRecord: 0.0ms)


  
ActionView::Template::Error (Invalid CSS after "	font-family": expected ";", was ": 'Roboto', san..."):
    3:   <head >
    4:     <title>PQR</title>
    5:     <link href="https://fonts.googleapis.com/css?family=Roboto" rel="stylesheet">
    6:     <%= stylesheet_link_tag    'application', media: 'all', 'data-turbolinks-track'=> true %>
    7:     <%= javascript_include_tag 'application', 'data-turbolinks-track' => true %>
    8:     <%= csrf_meta_tags %>
    9: 
  
app/assets/stylesheets/style.scss:3
app/views/layouts/application.html.erb:6:in `_app_views_layouts_application_html_erb___74477708_150581208'
Started GET "/welcome/index" for 127.0.0.1 at 2018-05-25 13:55:37 -0500
  [1m[35m (983.1ms)[0m  [1m[35mSET  @@SESSION.sql_mode = CONCAT(CONCAT(@@sql_mode, ',STRICT_ALL_TABLES'), ',NO_AUTO_VALUE_ON_ZERO'),  @@SESSION.sql_auto_is_null = 0, @@SESSION.wait_timeout = 2147483[0m
  ↳ C:/RailsInstaller/Ruby2.3.3/lib/ruby/gems/2.3.0/gems/activerecord-5.2.0/lib/active_record/log_subscriber.rb:98
Processing by WelcomeController#index as HTML
  Rendering welcome/index.html.erb within layouts/application
  Rendered welcome/index.html.erb within layouts/application (1.0ms)
Completed 500 Internal Server Error in 2494ms (ActiveRecord: 0.0ms)


  
ActionView::Template::Error (Invalid CSS after "	font-family": expected ";", was ": 'Roboto', san..."):
    3:   <head >
    4:     <title>PQR</title>
    5:     <link href="https://fonts.googleapis.com/css?family=Roboto" rel="stylesheet">
    6:     <%= stylesheet_link_tag    'application', media: 'all', 'data-turbolinks-track'=> true %>
    7:     <%= javascript_include_tag 'application', 'data-turbolinks-track' => true %>
    8:     <%= csrf_meta_tags %>
    9: 
  
app/assets/stylesheets/style.scss:3
app/views/layouts/application.html.erb:6:in `_app_views_layouts_application_html_erb___74477708_109659480'
Started GET "/welcome/index" for 127.0.0.1 at 2018-05-25 13:56:57 -0500
Processing by WelcomeController#index as HTML
  Rendering welcome/index.html.erb within layouts/application
  Rendered welcome/index.html.erb within layouts/application (1.0ms)
Completed 500 Internal Server Error in 258ms (ActiveRecord: 0.0ms)


  
ActionView::Template::Error (Invalid CSS after "	font-family": expected ";", was ": 'Open Sans', ..."):
    3:   <head >
    4:     <title>PQR</title>
    5:     <link href="https://fonts.googleapis.com/css?family=Roboto" rel="stylesheet">
    6:     <%= stylesheet_link_tag    'application', media: 'all', 'data-turbolinks-track'=> true %>
    7:     <%= javascript_include_tag 'application', 'data-turbolinks-track' => true %>
    8:     <%= csrf_meta_tags %>
    9: 
  
app/assets/stylesheets/style.scss:3
app/views/layouts/application.html.erb:6:in `_app_views_layouts_application_html_erb___74477708_81008124'
Started GET "/welcome/index" for 127.0.0.1 at 2018-05-25 14:03:21 -0500
  [1m[35m (0.0ms)[0m  [1m[35mSET  @@SESSION.sql_mode = CONCAT(CONCAT(@@sql_mode, ',STRICT_ALL_TABLES'), ',NO_AUTO_VALUE_ON_ZERO'),  @@SESSION.sql_auto_is_null = 0, @@SESSION.wait_timeout = 2147483[0m
  ↳ C:/RailsInstaller/Ruby2.3.3/lib/ruby/gems/2.3.0/gems/activerecord-5.2.0/lib/active_record/log_subscriber.rb:98
Processing by WelcomeController#index as HTML
  Rendering welcome/index.html.erb within layouts/application
  Rendered welcome/index.html.erb within layouts/application (1.0ms)
Completed 200 OK in 342ms (Views: 308.2ms | ActiveRecord: 0.0ms)


Started GET "/welcome/index" for 127.0.0.1 at 2018-05-25 14:04:06 -0500
Processing by WelcomeController#index as HTML
  Rendering welcome/index.html.erb within layouts/application
  Rendered welcome/index.html.erb within layouts/application (1.0ms)
Completed 200 OK in 252ms (Views: 220.2ms | ActiveRecord: 0.0ms)


Started GET "/welcome/index" for 127.0.0.1 at 2018-05-25 14:08:28 -0500
Processing by WelcomeController#index as HTML
  Rendering welcome/index.html.erb within layouts/application
  Rendered welcome/index.html.erb within layouts/application (1.0ms)
Completed 200 OK in 254ms (Views: 220.2ms | ActiveRecord: 0.0ms)


